2024-11-25 01:14:27 Usuario: Hora
2024-11-25 01:14:27 Hedy: Son las 01:14
2024-11-25 01:14:34 Usuario: Hola
2024-11-25 01:14:34 Hedy: Lo siento, no pude procesar tu solicitud.
2024-11-25 11:33:35 Usuario: Hora
2024-11-25 11:33:35 Hedy: Son las 11:33
2024-11-25 11:33:49 Usuario: Hola
2024-11-25 11:33:49 Hedy: Lo siento, no pude procesar tu solicitud.
2024-11-25 11:33:55 Usuario: Hola
2024-11-25 11:33:55 Hedy: Lo siento, no pude procesar tu solicitud.
2024-11-25 11:41:40 Usuario: Hora
2024-11-25 11:41:40 Hedy: Son las 11:41
2024-11-25 11:41:44 Usuario: Hola
2024-11-25 11:41:44 Hedy: Lo siento, no pude procesar tu solicitud.
2024-11-25 11:46:37 Usuario: Hora
2024-11-25 11:46:37 Hedy: Son las 11:46
2024-11-25 11:46:41 Usuario: Hola
2024-11-25 11:46:41 Hedy: Lo siento, no pude procesar tu solicitud.
2024-11-25 12:05:48 Usuario: Hora
2024-11-25 12:05:48 Hedy: Son las 12:05
2024-11-25 12:05:55 Usuario: Hola
2024-11-25 12:05:55 Hedy: Lo siento, no pude procesar tu solicitud.
2024-11-25 12:08:29 Usuario: Hora
2024-11-25 12:08:29 Hedy: Son las 12:08
